<?xml version="1.0" encoding="UTF-8"?>
<!-- Generated by org.testng.reporters.JUnitReportReporter -->
<testsuite hostname="MSI" failures="0" tests="1" name="facebook.CreateAccountValidLogin" time="17.947" errors="0" timestamp="2022-05-09T22:53:35 PDT" skipped="0">
  <testcase classname="facebook.CreateAccountValidLogin" name="completeLogin" time="17.947"/>
  <system-out/>
</testsuite> <!-- facebook.CreateAccountValidLogin -->
