<?xml version="1.0" encoding="UTF-8"?>
<!-- Generated by org.testng.reporters.JUnitReportReporter -->
<testsuite hostname="MSI" failures="0" tests="1" name="facebook.CreateAccountInvalidLogin" time="4.434" errors="0" timestamp="2022-05-09T22:23:09 PDT" skipped="0">
  <testcase classname="facebook.CreateAccountInvalidLogin" name="completeInvalidLogin" time="4.434"/>
  <system-out/>
</testsuite> <!-- facebook.CreateAccountInvalidLogin -->
