<?xml version="1.0" encoding="UTF-8"?>
<!-- Generated by org.testng.reporters.JUnitReportReporter -->
<testsuite hostname="MSI" failures="0" tests="1" name="facebook.CreateAccount" time="1.767" errors="0" timestamp="2022-05-09T21:49:16 PDT" skipped="0">
  <testcase classname="facebook.CreateAccount" name="createAccount" time="1.767"/>
  <system-out/>
</testsuite> <!-- facebook.CreateAccount -->
