<?xml version="1.0" encoding="UTF-8"?>
<!-- Generated by org.testng.reporters.JUnitReportReporter -->
<testsuite hostname="MSI" failures="0" tests="3" name="facebook.Login" time="19.403" errors="0" timestamp="2022-02-18T15:14:02 PST" skipped="0">
  <testcase classname="facebook.Login" name="completeInvalidLogin" time="4.186"/>
  <system-out/>
  <testcase classname="facebook.Login" name="completeLogin" time="13.914"/>
  <system-out/>
  <testcase classname="facebook.Login" name="createAccount" time="1.303"/>
  <system-out/>
</testsuite> <!-- facebook.Login -->
